0 info it worked if it ends with ok
1 verbose cli [ 'C:\\Program Files\\nodejs\\\\node.exe',
1 verbose cli   'C:\\Program Files\\nodejs\\node_modules\\npm\\bin\\npm-cli.js',
1 verbose cli   'install',
1 verbose cli   'coffee-scriptcd',
1 verbose cli   '..' ]
2 info using npm@1.4.3
3 info using node@v0.10.26
4 verbose node symlink C:\Program Files\nodejs\\node.exe
5 warn package.json transform@1.2.1 No description
6 warn package.json transform@1.2.1 No repository field.
7 warn package.json transform@1.2.1 No README data
8 verbose readDependencies using package.json deps
9 verbose cache add [ 'coffee-scriptcd', null ]
10 verbose cache add name=undefined spec="coffee-scriptcd" args=["coffee-scriptcd",null]
11 verbose parsed url { protocol: null,
11 verbose parsed url   slashes: null,
11 verbose parsed url   auth: null,
11 verbose parsed url   host: null,
11 verbose parsed url   port: null,
11 verbose parsed url   hostname: null,
11 verbose parsed url   hash: null,
11 verbose parsed url   search: null,
11 verbose parsed url   query: null,
11 verbose parsed url   pathname: 'coffee-scriptcd',
11 verbose parsed url   path: 'coffee-scriptcd',
11 verbose parsed url   href: 'coffee-scriptcd' }
12 verbose cache add [ '..', null ]
13 verbose cache add name=undefined spec=".." args=["..",null]
14 verbose parsed url { protocol: null,
14 verbose parsed url   slashes: null,
14 verbose parsed url   auth: null,
14 verbose parsed url   host: null,
14 verbose parsed url   port: null,
14 verbose parsed url   hostname: null,
14 verbose parsed url   hash: null,
14 verbose parsed url   search: null,
14 verbose parsed url   query: null,
14 verbose parsed url   pathname: '..',
14 verbose parsed url   path: '..',
14 verbose parsed url   href: '..' }
15 silly lockFile 62c8cff7-coffee-scriptcd coffee-scriptcd
16 verbose lock coffee-scriptcd C:\Users\santhosh\AppData\Roaming\npm-cache\62c8cff7-coffee-scriptcd.lock
17 silly lockFile 9d891e73- ..
18 verbose lock .. C:\Users\santhosh\AppData\Roaming\npm-cache\9d891e73-.lock
19 silly lockFile 62c8cff7-coffee-scriptcd coffee-scriptcd
20 silly lockFile 62c8cff7-coffee-scriptcd coffee-scriptcd
21 verbose addNamed [ 'coffee-scriptcd', '' ]
22 verbose addNamed [ null, '*' ]
23 silly lockFile c4b019f3-coffee-scriptcd coffee-scriptcd@
24 verbose lock coffee-scriptcd@ C:\Users\santhosh\AppData\Roaming\npm-cache\c4b019f3-coffee-scriptcd.lock
25 silly lockFile 9d891e73- ..
26 silly lockFile 9d891e73- ..
27 silly addNameRange { name: 'coffee-scriptcd', range: '*', hasData: false }
28 error addLocal Could not install ..
29 error Error: ENOENT, open 'D:\Work\Library\Transform\transform-v1.2.1\transform\client\package.json'
30 error If you need help, you may report this *entire* log,
30 error including the npm and node versions, at:
30 error     <http://github.com/npm/npm/issues>
31 error System Windows_NT 6.2.9200
32 error command "C:\\Program Files\\nodejs\\\\node.exe" "C:\\Program Files\\nodejs\\node_modules\\npm\\bin\\npm-cli.js" "install" "coffee-scriptcd" ".."
33 error cwd D:\Work\Library\Transform\transform-v1.2.1\transform\client\scripts
34 error node -v v0.10.26
35 error npm -v 1.4.3
36 error path D:\Work\Library\Transform\transform-v1.2.1\transform\client\package.json
37 error code ENOENT
38 error errno 34
39 verbose exit [ 34, true ]
